
=== Fri Jan 30 22:29:37 2026

Packages were changed.
Update Mode: updateDependencies

The following packages were added:
  com.unity.ai.navigation@2.0.5
  com.unity.modules.accessibility@1.0.0
  com.unity.multiplayer.center@1.0.0
The following packages were updated:
  com.unity.collab-proxy from version 1.17.7 to 2.6.0
  com.unity.ide.rider from version 3.0.16 to 3.0.31
  com.unity.ide.visualstudio from version 2.0.16 to 2.0.22
  com.unity.render-pipelines.universal from version 12.1.8 to 17.0.3
  com.unity.test-framework from version 1.1.31 to 1.4.5
  com.unity.timeline from version 1.6.4 to 1.8.7
  com.unity.ugui from version 1.0.0 to 2.0.0
  com.unity.visualscripting from version 1.7.8 to 1.9.5
  com.unity.xr.interaction.toolkit from version 2.3.2 to 3.0.7
  com.unity.xr.management from version 4.2.1 to 4.5.0
  com.unity.xr.oculus from version 3.2.3 to 4.4.0
  com.unity.xr.openxr from version 1.5.3 to 1.14.0
The following packages were removed:
  com.unity.textmeshpro@3.0.6
